log2c=5 log2g=-7 rate=5.10274
log2c=-1 log2g=-7 rate=3.86986lolog2c=5 log2g=-1 rate=7.2774
g2c=-1 log2g=-1 rate=5.50228
log2c=11 log2g=-7 rate=5.61644
log2c=11 log2g=-1 rate=7.67123
log2c=5 log2g=-13 rate=3.86986
log2c=-1 log2g=-13 rate=3.86986
log2c=11 log2g=-13 rate=4.94863
log2c=-3 log2g=-7 rate=3.86986
log2c=-3 log2g=-1 rate=4.89155
log2c=-3 log2g=-13 rate=3.86986
log2c=5 log2g=1 rate=7.04909
log2c=-1 log2g=1 rate=6.19863
log2c=11 log2g=1 rate=6.14155
log2c=-3 log2g=1 rate=4.98858
log2c=9 log2g=-7 rate=5.53082
log2c=9 log2g=-1 rate=7.59132
log2c=9 log2g=-13 rate=5.45662
log2c=9 log2g=1 rate=5.92466
log2c=5 log2g=-11 rate=4.88584
log2c=-1 log2g=-11 rate=4.85731
log2c=11 log2g=-11 rate=5.2968
log2c=-3 log2g=-11 rate=4.85731
log2c=9 log2g=-11 rate=5.26256
log2c=3 log2g=-7 rate=5.45091
log2c=3 log2g=-1 rate=7.17466
log2c=3 log2g=-13 rate=4.85731
log2c=3 log2g=1 rate=7.84817
log2c=3 log2g=-11 rate=4.85731
log2c=5 log2g=-5 rate=5.92466
log2c=-1 log2g=-5 rate=4.87443
log2c=11 log2g=-5 rate=6.64954
log2c=-3 log2g=-5 rate=4.85731
log2c=9 log2g=-5 rate=6.48973
log2c=3 log2g=-5 rate=5.55365
log2c=15 log2g=-7 rate=6.50114
log2c=15 log2g=-1 rate=7.03196
log2c=15 log2g=-13 rate=5.37671
log2c=15 log2g=1 rate=5.94178
log2c=15 log2g=-11 rate=5.58219
log2c=15 log2g=-5 rate=7.2089
log2c=5 log2g=-15 rate=4.85731
log2c=-1 log2g=-15 rate=4.85731
log2c=11 log2g=-15 rate=5.44521
log2c=-3 log2g=-15 rate=4.85731
log2c=9 log2g=-15 rate=4.88584
log2c=3 log2g=-15 rate=4.85731
log2c=15 log2g=-15 rate=5.2968
log2c=-5 log2g=-7 rate=4.85731
log2c=-5 log2g=-1 rate=4.85731
log2c=-5 log2g=-13 rate=4.85731
log2c=-5 log2g=1 rate=4.85731
log2c=-5 log2g=-11 rate=4.85731
log2c=-5 log2g=-5 rate=4.85731
log2c=-5 log2g=-15 rate=4.85731
log2c=5 log2g=3 rate=5.10845
log2c=-1 log2g=3 rate=6.83219
log2c=11 log2g=3 rate=5.10845
log2c=-3 log2g=3 rate=4.85731
log2c=9 log2g=3 rate=5.08562
log2c=3 log2g=3 rate=5.31393
log2c=15 log2g=3 rate=5.11416
log2c=-5 log2g=3 rate=4.85731
log2c=7 log2g=-7 rate=5.58219
log2c=7 log2g=-1 rate=7.69977
log2c=7 log2g=-13 rate=4.88584
log2c=7 log2g=1 rate=6.22146
log2c=7 log2g=-11 rate=5.46804
log2c=7 log2g=-5 rate=6.27283
log2c=7 log2g=-15 rate=4.85731
log2c=7 log2g=3 rate=5.04566
log2c=5 log2g=-9 rate=5.45662
log2c=-1 log2g=-9 rate=4.85731
log2c=11 log2g=-9 rate=5.60502
log2c=-3 log2g=-9 rate=4.85731
log2c=9 log2g=-9 rate=5.25114
log2c=3 log2g=-9 rate=4.88584
log2c=15 log2g=-9 rate=6.19863
log2c=-5 log2g=-9 rate=2.91667
log2c=7 log2g=-9 rate=3.41324
log2c=1 log2g=-7 rate=2.19749
log2c=1 log2g=-1 rate=6.03881
log2c=1 log2g=-13 rate=3.86986
log2c=1 log2g=1 rate=7.14612
log2c=1 log2g=-11 rate=3.86986
log2c=1 log2g=-5 rate=4.65183
log2c=1 log2g=-15 rate=3.86986
log2c=1 log2g=3 rate=6.93493
log2c=1 log2g=-9 rate=4.85731
log2c=5 log2g=-3 rate=6.1758
log2c=-1 log2g=-3 rate=5.39384
log2c=11 log2g=-3 rate=7.35731
log2c=-3 log2g=-3 rate=4.86301
log2c=9 log2g=-3 rate=7.30594
log2c=3 log2g=-3 rate=6.38128
log2c=15 log2g=-3 rate=7.7226
log2c=-5 log2g=-3 rate=4.85731
log2c=7 log2g=-3 rate=6.88356
log2c=1 log2g=-3 rate=5.82192
log2c=13 log2g=-7 rate=6.38699
log2c=13 log2g=-1 rate=7.2089
log2c=13 log2g=-13 rate=5.30822
log2c=13 log2g=1 rate=5.879
log2c=13 log2g=-11 rate=5.31963
log2c=13 log2g=-5 rate=6.96918
log2c=13 log2g=-15 rate=5.23402
log2c=13 log2g=3 rate=5.11416
log2c=13 log2g=-9 rate=5.89612
log2c=13 log2g=-3 rate=7.40297
